[debug] [2024-11-09T20:46:17.308Z] ----------------------------------------------------------------------
[debug] [2024-11-09T20:46:17.313Z] Command:       C:\Program Files\nodejs\node.exe C:\Users\ronal\AppData\Roaming\npm\node_modules\firebase-tools\lib\bin\firebase.js init
[debug] [2024-11-09T20:46:17.313Z] CLI Version:   13.24.2
[debug] [2024-11-09T20:46:17.313Z] Platform:      win32
[debug] [2024-11-09T20:46:17.314Z] Node Version:  v22.11.0
[debug] [2024-11-09T20:46:17.314Z] Time:          Sat Nov 09 2024 15:46:17 GMT-0500 (hora estándar de Colombia)
[debug] [2024-11-09T20:46:17.314Z] ----------------------------------------------------------------------
[debug] 
[debug] [2024-11-09T20:46:17.326Z] > command requires scopes: ["email","openid","https://www.googleapis.com/auth/cloudplatformprojects.readonly","https://www.googleapis.com/auth/firebase","https://www.googleapis.com/auth/cloud-platform"]
[debug] [2024-11-09T20:46:17.327Z] > authorizing via signed-in user (ronalyebano81@gmail.com)
[info] 
     ######## #### ########  ######## ########     ###     ######  ########
     ##        ##  ##     ## ##       ##     ##  ##   ##  ##       ##
     ######    ##  ########  ######   ########  #########  ######  ######
     ##        ##  ##    ##  ##       ##     ## ##     ##       ## ##
     ##       #### ##     ## ######## ########  ##     ##  ######  ########

You're about to initialize a Firebase project in this directory:

  C:\Users\ronal\OneDrive\Desktop\Regalo de año

[info] 
=== Project Setup
[info] 
[info] First, let's associate this project directory with a Firebase project.
[info] You can create multiple project aliases by running firebase use --add, 
[info] but for now we'll just set up a default project.
[info] 
[debug] [2024-11-09T20:47:56.041Z] Checked if tokens are valid: false, expires at: 1714784569396
[debug] [2024-11-09T20:47:56.041Z] Checked if tokens are valid: false, expires at: 1714784569396
[debug] [2024-11-09T20:47:56.042Z] > refreshing access token with scopes: []
[debug] [2024-11-09T20:47:56.044Z] >>> [apiv2][query] POST https://www.googleapis.com/oauth2/v3/token [none]
[debug] [2024-11-09T20:47:56.044Z] >>> [apiv2][body] POST https://www.googleapis.com/oauth2/v3/token [omitted]
[debug] [2024-11-09T20:47:56.277Z] <<< [apiv2][status] POST https://www.googleapis.com/oauth2/v3/token 400
[debug] [2024-11-09T20:47:56.277Z] <<< [apiv2][body] POST https://www.googleapis.com/oauth2/v3/token [omitted]
[debug] [2024-11-09T20:47:56.277Z] >>> [apiv2][query] GET https://firebase.googleapis.com/v1beta1/projects pageSize=100
[debug] [2024-11-09T20:47:56.498Z] <<< [apiv2][status] GET https://firebase.googleapis.com/v1beta1/projects 401
[debug] [2024-11-09T20:47:56.498Z] <<< [apiv2][body] GET https://firebase.googleapis.com/v1beta1/projects [omitted]
[debug] [2024-11-09T20:47:56.498Z] Got a 401 Unauthenticated error for a call that required authentication. Refreshing tokens.
[debug] [2024-11-09T20:47:56.498Z] Checked if tokens are valid: false, expires at: 1714784569396
[debug] [2024-11-09T20:47:56.498Z] Checked if tokens are valid: false, expires at: 1714784569396
[debug] [2024-11-09T20:47:56.498Z] > refreshing access token with scopes: []
[debug] [2024-11-09T20:47:56.499Z] >>> [apiv2][query] POST https://www.googleapis.com/oauth2/v3/token [none]
[debug] [2024-11-09T20:47:56.499Z] >>> [apiv2][body] POST https://www.googleapis.com/oauth2/v3/token [omitted]
[debug] [2024-11-09T20:47:56.580Z] <<< [apiv2][status] POST https://www.googleapis.com/oauth2/v3/token 400
[debug] [2024-11-09T20:47:56.580Z] <<< [apiv2][body] POST https://www.googleapis.com/oauth2/v3/token [omitted]
[debug] [2024-11-09T20:47:56.581Z] Request to https://firebase.googleapis.com/v1beta1/projects?pageSize=100 had HTTP Error: 401, Request had invalid authentication credentials. Expected OAuth 2 access token, login cookie or other valid authentication credential. See https://developers.google.com/identity/sign-in/web/devconsole-project.
[debug] [2024-11-09T20:47:56.757Z] FirebaseError: Request to https://firebase.googleapis.com/v1beta1/projects?pageSize=100 had HTTP Error: 401, Request had invalid authentication credentials. Expected OAuth 2 access token, login cookie or other valid authentication credential. See https://developers.google.com/identity/sign-in/web/devconsole-project.
    at responseToError (C:\Users\ronal\AppData\Roaming\npm\node_modules\firebase-tools\lib\responseToError.js:52:12)
    at RetryOperation._fn (C:\Users\ronal\AppData\Roaming\npm\node_modules\firebase-tools\lib\apiv2.js:312:77)
    at process.processTicksAndRejections (node:internal/process/task_queues:105:5)
[error] 
[error] Error: Failed to list Firebase projects. See firebase-debug.log for more info.
